<?xml version="1.0" encoding="UTF-8"?>
<testsuite name="PingPongTest" tests="3" skipped="0" failures="0" errors="0" timestamp="2015-08-10T21:37:05" hostname="epicodus-113.local" time="0.002">
  <properties/>
  <testcase name="pingPongValue_forMultiplesOfFiveAndThree_pingpong" classname="PingPongTest" time="0.001"/>
  <testcase name="pingPongValue_forMultiplesOfFives_pong" classname="PingPongTest" time="0.0"/>
  <testcase name="pingPongValue_forMultiplesOfThree_ping" classname="PingPongTest" time="0.0"/>
  <system-out><![CDATA[]]></system-out>
  <system-err><![CDATA[]]></system-err>
</testsuite>
